Start: 2022-10-22 16:43:21
Network operator: Bahnhof AB
Support ID: sth60bd66512
Latency:       2.217 ms
Download:     94.505 Mbit/s
Upload:       96.038 Mbit/s
Measurement ID: 425593450
Start: 2022-10-22 19:20:01
Network operator: Bahnhof AB
Support ID: sth60bf9ddda
Latency:       2.173 ms
Download:     96.102 Mbit/s
Upload:       96.125 Mbit/s
Measurement ID: 425606121
Start: 2022-10-22 19:40:01
Network operator: Bahnhof AB
Support ID: sth60bdb840a
Latency:       2.204 ms
Download:     96.112 Mbit/s
Upload:       96.125 Mbit/s
Measurement ID: 425607630
Start: 2022-10-22 19:45:01
Network operator: Bahnhof AB
Support ID: sth60b4b3997
Latency:       2.975 ms
Download:     96.124 Mbit/s
Upload:       96.035 Mbit/s
Measurement ID: 425608010
Start: 2022-10-22 19:50:01
Network operator: Bahnhof AB
Support ID: sth60b55decc
Latency:       2.240 ms
Download:     96.109 Mbit/s
Upload:       96.113 Mbit/s
Measurement ID: 425608412
Start: 2022-10-22 19:55:01
Network operator: Bahnhof AB
Support ID: sth60b160cd7
Latency:       2.227 ms
Download:     96.138 Mbit/s
Upload:       96.132 Mbit/s
Measurement ID: 425608811
Start: 2022-10-22 20:00:01
Network operator: Bahnhof AB
Support ID: sth60bc80aad
Latency:       2.322 ms
Download:     96.043 Mbit/s
Upload:       96.113 Mbit/s
Measurement ID: 425609200
Start: 2022-10-22 20:05:01
Network operator: Bahnhof AB
Support ID: sth60b27600f
Latency:       2.265 ms
Download:     96.095 Mbit/s
Upload:       96.124 Mbit/s
Measurement ID: 425609676
Start: 2022-10-22 20:10:01
Network operator: Bahnhof AB
Support ID: sth60b49a008
Latency:       2.251 ms
Download:     96.099 Mbit/s
Upload:       96.116 Mbit/s
Measurement ID: 425610084
Start: 2022-10-22 20:15:01
Network operator: Bahnhof AB
Support ID: sth60b80e090
Latency:       2.307 ms
Download:     95.987 Mbit/s
Upload:       96.121 Mbit/s
Measurement ID: 425610446
Start: 2022-10-22 20:20:01
Network operator: Bahnhof AB
Support ID: sth60be59930
Latency:       2.203 ms
Download:     95.976 Mbit/s
Upload:       96.099 Mbit/s
Measurement ID: 425610840
Start: 2022-10-22 20:25:01
Network operator: Bahnhof AB
Support ID: sth60ba198a0
Latency:       2.276 ms
Download:     95.993 Mbit/s
Upload:       96.119 Mbit/s
Measurement ID: 425611201
Start: 2022-10-22 20:30:01
Network operator: Bahnhof AB
Support ID: sth60b838b2f
Latency:       4.941 ms
Download:     96.043 Mbit/s
Upload:       96.135 Mbit/s
Measurement ID: 425611586
Start: 2022-10-22 20:35:01
Network operator: Bahnhof AB
Support ID: sth60bd2cf7c
Latency:       2.380 ms
Download:     96.138 Mbit/s
Upload:       96.086 Mbit/s
Measurement ID: 425611966
Start: 2022-10-22 20:40:01
Network operator: Bahnhof AB
Support ID: sth60b87ccb1
Latency:       4.674 ms
Download:     95.535 Mbit/s
Upload:       96.065 Mbit/s
Measurement ID: 425612381
Start: 2022-10-22 20:45:01
Network operator: Bahnhof AB
Support ID: sth60baf62d7
Latency:       3.727 ms
Download:     96.020 Mbit/s
Upload:       96.043 Mbit/s
Measurement ID: 425612785
Start: 2022-10-22 20:50:01
Network operator: Bahnhof AB
Support ID: sth60bfa54c5
Latency:       6.178 ms
Download:     96.067 Mbit/s
Upload:       95.931 Mbit/s
Measurement ID: 425613156
Start: 2022-10-22 20:55:01
Network operator: Bahnhof AB
Support ID: sth60ba8b8a0
Latency:       4.311 ms
Download:     95.940 Mbit/s
Upload:       95.972 Mbit/s
Measurement ID: 425613529
Start: 2022-10-22 21:00:01
Network operator: Bahnhof AB
Support ID: sth60b6ff916
Latency:       2.156 ms
Download:     96.070 Mbit/s
Upload:       96.048 Mbit/s
Measurement ID: 425613875
Start: 2022-10-22 21:05:01
Network operator: Bahnhof AB
Support ID: sth60bc7b1f6
Latency:       2.255 ms
Download:     92.786 Mbit/s
Upload:       95.989 Mbit/s
Measurement ID: 425614355
Start: 2022-10-22 21:10:01
Network operator: Bahnhof AB
Support ID: sth60be55811
Latency:       4.653 ms
Download:     92.047 Mbit/s
Upload:       96.082 Mbit/s
Measurement ID: 425614775
Start: 2022-10-22 21:15:01
Network operator: Bahnhof AB
Support ID: sth60bbf89a0
Latency:       3.262 ms
Download:     95.774 Mbit/s
Upload:       96.083 Mbit/s
Measurement ID: 425615120
Start: 2022-10-22 21:20:01
Network operator: Bahnhof AB
Support ID: sth60b379d7d
Latency:       2.186 ms
Download:     95.878 Mbit/s
Upload:       95.989 Mbit/s
Measurement ID: 425615525
Start: 2022-10-22 21:25:01
Network operator: Bahnhof AB
Support ID: sth60b4132e3
Latency:       2.227 ms
Download:     95.945 Mbit/s
Upload:       95.849 Mbit/s
Measurement ID: 425615936
Start: 2022-10-22 21:30:01
Network operator: Bahnhof AB
Support ID: sth60be0ccb3
Latency:       2.279 ms
Download:     96.026 Mbit/s
Upload:       96.023 Mbit/s
Measurement ID: 425616312
Start: 2022-10-23 19:30:01
Network operator: Bahnhof AB
Support ID: sth60b080d62
Latency:       2.221 ms
Download:     92.509 Mbit/s
Upload:       95.899 Mbit/s
Measurement ID: 425683060
Start: 2022-10-23 19:35:01
Network operator: Bahnhof AB
Support ID: sth60be90323
Latency:       2.224 ms
Download:     96.099 Mbit/s
Upload:       96.106 Mbit/s
Measurement ID: 425683510
Start: 2022-10-23 19:40:01
Network operator: Bahnhof AB
Support ID: sth60b558ce4
Latency:       2.259 ms
Download:     85.849 Mbit/s
Upload:       96.122 Mbit/s
Measurement ID: 425683915
Start: 2022-10-23 19:45:01
Network operator: Bahnhof AB
Support ID: sth60bc98fc0
Latency:       2.823 ms
Download:     91.677 Mbit/s
Upload:       91.269 Mbit/s
Measurement ID: 425684356
Start: 2022-10-23 19:50:01
Network operator: Bahnhof AB
Support ID: sth60bbedf20
Latency:       4.493 ms
Download:     85.909 Mbit/s
Upload:       96.114 Mbit/s
Measurement ID: 425684793
Start: 2022-10-23 19:55:01
Network operator: Bahnhof AB
Support ID: sth60bfd81fa
Latency:       2.213 ms
Download:     95.963 Mbit/s
Upload:       91.243 Mbit/s
Measurement ID: 425685197
Start: 2022-10-23 20:00:01
Network operator: Bahnhof AB
Support ID: sth60baa79d4
Latency:       4.198 ms
Download:     86.257 Mbit/s
Upload:       96.112 Mbit/s
Measurement ID: 425685610
Start: 2022-10-23 20:05:01
Network operator: Bahnhof AB
Support ID: sth60be30990
Latency:       2.281 ms
Download:     95.806 Mbit/s
Upload:       96.091 Mbit/s
Measurement ID: 425686187
Start: 2022-10-23 20:10:01
Network operator: Bahnhof AB
Support ID: sth60b787665
Latency:       5.077 ms
Download:     95.882 Mbit/s
Upload:       96.109 Mbit/s
Measurement ID: 425686668
Start: 2022-10-23 20:15:01
Network operator: Bahnhof AB
Support ID: sth60bbcccde
Latency:       2.292 ms
Download:     95.830 Mbit/s
Upload:       96.142 Mbit/s
Measurement ID: 425687101
Start: 2022-10-23 20:25:01
Network operator: Bahnhof AB
Support ID: sth60b89be5d
Latency:       2.364 ms
Download:     94.625 Mbit/s
Upload:       96.006 Mbit/s
Measurement ID: 425688125
Start: 2022-10-23 20:30:01
Network operator: Bahnhof AB
Support ID: sth60b9890ed
Latency:       5.576 ms
Download:     95.762 Mbit/s
Upload:       96.044 Mbit/s
Measurement ID: 425688538
Start: 2022-10-23 20:35:01
Network operator: Bahnhof AB
Support ID: sth60b6c8ed0
Latency:       5.670 ms
Download:     94.210 Mbit/s
Upload:       93.056 Mbit/s
Measurement ID: 425689038
Start: 2022-10-23 20:40:01
Network operator: Bahnhof AB
Support ID: sth60baa5768
Latency:       4.436 ms
Download:     95.821 Mbit/s
Upload:       96.056 Mbit/s
Measurement ID: 425689449
Start: 2022-10-23 20:45:01
Network operator: Bahnhof AB
Support ID: sth60be14462
Latency:       6.900 ms
Download:     80.525 Mbit/s
Upload:       96.031 Mbit/s
Measurement ID: 425689850
Start: 2022-10-23 20:50:01
Network operator: Bahnhof AB
Support ID: sth60b3cb83b
Latency:       6.039 ms
Download:     85.815 Mbit/s
Upload:       95.964 Mbit/s
Measurement ID: 425690337
Start: 2022-10-23 20:55:01
Network operator: Bahnhof AB
Support ID: sth60b1c0d45
Latency:       6.443 ms
Download:     92.592 Mbit/s
Upload:       96.095 Mbit/s
Measurement ID: 425690791
Start: 2022-10-23 21:00:01
Network operator: Bahnhof AB
Support ID: sth60b2d2c27
Latency:       3.094 ms
Download:     94.597 Mbit/s
Upload:       96.061 Mbit/s
Measurement ID: 425691261
Start: 2022-10-23 21:05:01
Network operator: Bahnhof AB
Support ID: sth60ba04e1a
Latency:       6.632 ms
Download:     73.343 Mbit/s
Upload:       96.090 Mbit/s
Measurement ID: 425691783
Start: 2022-10-23 21:10:01
Network operator: Bahnhof AB
Support ID: sth60b7099e0
Latency:       6.837 ms
Download:     87.167 Mbit/s
Upload:       95.914 Mbit/s
Measurement ID: 425692235
Start: 2022-10-23 21:15:01
Network operator: Bahnhof AB
Support ID: sth60b4ebdd7
Latency:       3.412 ms
Download:     91.827 Mbit/s
Upload:       96.065 Mbit/s
Measurement ID: 425692732
Start: 2022-10-23 21:20:01
Network operator: Bahnhof AB
Support ID: sth60b818f29
Latency:       6.133 ms
Download:     93.869 Mbit/s
Upload:       95.957 Mbit/s
Measurement ID: 425693220
Start: 2022-10-23 21:25:01
Network operator: Bahnhof AB
Support ID: sth60bccb742
Latency:       5.706 ms
Download:     92.652 Mbit/s
Upload:       96.091 Mbit/s
Measurement ID: 425693649
Start: 2022-10-23 21:30:01
Network operator: Bahnhof AB
Support ID: sth60b40acaf
Latency:       5.855 ms
Download:     95.240 Mbit/s
Upload:       96.054 Mbit/s
Measurement ID: 425694066
Start: 2022-10-23 22:00:01
Network operator: Bahnhof AB
Support ID: sth60b2a6afe
Latency:       2.622 ms
Download:     95.060 Mbit/s
Upload:       96.045 Mbit/s
Measurement ID: 425696407
Start: 2022-10-23 23:00:01
Network operator: Bahnhof AB
Support ID: sth60b9c33de
Latency:       2.237 ms
Download:     96.124 Mbit/s
Upload:       96.132 Mbit/s
Measurement ID: 425699657
Start: 2022-10-24 00:00:01
Network operator: Bahnhof AB
Support ID: sth60bff46a3
Latency:       2.201 ms
Download:     96.073 Mbit/s
Upload:       96.141 Mbit/s
Measurement ID: 425701857
Start: 2022-10-24 01:00:01
Network operator: Bahnhof AB
Support ID: sth60b1bc7d0
Latency:       2.081 ms
Download:     96.023 Mbit/s
Upload:       96.144 Mbit/s
Measurement ID: 425703280
Start: 2022-10-24 02:00:01
Network operator: Bahnhof AB
Support ID: sth60b7028e9
Latency:       2.174 ms
Download:     96.123 Mbit/s
Upload:       96.141 Mbit/s
Measurement ID: 425704196
Start: 2022-10-24 03:00:01
Network operator: Bahnhof AB
Support ID: sth60bf4a834
Latency:       2.150 ms
Download:     96.003 Mbit/s
Upload:       96.109 Mbit/s
Measurement ID: 425704956
Start: 2022-10-24 04:00:01
Network operator: Bahnhof AB
Support ID: sth60ba10b2d
Latency:       2.169 ms
Download:     96.155 Mbit/s
Upload:       96.131 Mbit/s
Measurement ID: 425705591
Start: 2022-10-24 05:00:01
Network operator: Bahnhof AB
Support ID: sth60b582314
Latency:       2.185 ms
Download:     96.141 Mbit/s
Upload:       96.149 Mbit/s
Measurement ID: 425706293
Start: 2022-10-24 06:00:01
Network operator: Bahnhof AB
Support ID: sth60b27d5db
Latency:       2.104 ms
Download:     96.003 Mbit/s
Upload:       96.126 Mbit/s
Measurement ID: 425707165
Start: 2022-10-24 07:00:01
Network operator: Bahnhof AB
Support ID: sth60bba6273
Latency:       2.168 ms
Download:     95.994 Mbit/s
Upload:       96.087 Mbit/s
Measurement ID: 425708592
Start: 2022-10-24 08:00:01
Network operator: Bahnhof AB
Support ID: sth60b625176
Latency:       2.207 ms
Download:     96.148 Mbit/s
Upload:       96.126 Mbit/s
Measurement ID: 425710804
Start: 2022-10-24 09:00:01
Network operator: Bahnhof AB
Support ID: sth60be154c0
Latency:       2.200 ms
Download:     96.151 Mbit/s
Upload:       96.114 Mbit/s
Measurement ID: 425714255
Start: 2022-10-24 10:00:01
Network operator: Bahnhof AB
Support ID: sth60bb8861e
Latency:       2.136 ms
Download:     96.148 Mbit/s
Upload:       96.116 Mbit/s
Measurement ID: 425718744
Start: 2022-10-24 11:00:01
Network operator: Bahnhof AB
Support ID: sth60ba49793
Latency:       2.188 ms
Download:     96.138 Mbit/s
Upload:       96.060 Mbit/s
Measurement ID: 425723423
Start: 2022-10-24 12:00:01
Network operator: Bahnhof AB
Support ID: sth60b3286bd
Latency:       2.211 ms
Download:     96.137 Mbit/s
Upload:       96.148 Mbit/s
Measurement ID: 425728070
Start: 2022-10-24 13:00:01
Network operator: Bahnhof AB
Support ID: sth60be42f81
Latency:       2.119 ms
Download:     96.127 Mbit/s
Upload:       96.141 Mbit/s
Measurement ID: 425732593
Start: 2022-10-24 14:00:01
Network operator: Bahnhof AB
Support ID: sth60b369154
Latency:       2.206 ms
Download:     96.140 Mbit/s
Upload:       96.143 Mbit/s
Measurement ID: 425737020
Start: 2022-10-24 15:00:01
Network operator: Bahnhof AB
Support ID: sth60bafc6a6
Latency:       2.103 ms
Download:     96.150 Mbit/s
Upload:       96.132 Mbit/s
Measurement ID: 425741641
Start: 2022-10-24 16:00:01
Network operator: Bahnhof AB
Support ID: sth60b94c2a8
Latency:       2.121 ms
Download:     96.142 Mbit/s
Upload:       96.092 Mbit/s
Measurement ID: 425746386
Start: 2022-10-24 17:00:01
Network operator: Bahnhof AB
Support ID: sth60b2b167c
Latency:       2.190 ms
Download:     91.134 Mbit/s
Upload:       95.986 Mbit/s
Measurement ID: 425751591
Start: 2022-10-24 18:00:01
Network operator: Bahnhof AB
Support ID: sth60b27afd1
Latency:       2.179 ms
Download:     95.804 Mbit/s
Upload:       96.063 Mbit/s
Measurement ID: 425757035
Start: 2022-10-24 19:30:01
Network operator: Bahnhof AB
Support ID: sth60b1c46b1
Latency:       2.133 ms
Download:     94.953 Mbit/s
Upload:       95.910 Mbit/s
Measurement ID: 425766339
Start: 2022-10-24 19:35:01
Network operator: Bahnhof AB
Support ID: sth60b295d93
Latency:       2.211 ms
Download:     95.992 Mbit/s
Upload:       96.127 Mbit/s
Measurement ID: 425766968
Start: 2022-10-24 19:40:01
Network operator: Bahnhof AB
Support ID: sth60b79d1e0
Latency:       3.176 ms
Download:     95.951 Mbit/s
Upload:       96.098 Mbit/s
Measurement ID: 425767488
Start: 2022-10-24 19:45:01
Network operator: Bahnhof AB
Support ID: sth60b9fbb8a
Latency:       2.199 ms
Download:     95.901 Mbit/s
Upload:       96.108 Mbit/s
Measurement ID: 425768037
Start: 2022-10-24 19:50:01
Network operator: Bahnhof AB
Support ID: sth60bf0eee2
Latency:       2.851 ms
Download:     96.114 Mbit/s
Upload:       95.918 Mbit/s
Measurement ID: 425768518
Start: 2022-10-24 19:55:01
Network operator: Bahnhof AB
Support ID: sth60b69d7fb
Latency:       2.302 ms
Download:     96.115 Mbit/s
Upload:       95.977 Mbit/s
Measurement ID: 425769012
Start: 2022-10-24 20:00:01
Network operator: Bahnhof AB
Support ID: sth60b1d8ba2
Latency:       2.354 ms
Download:     95.998 Mbit/s
Upload:       96.075 Mbit/s
Measurement ID: 425769480
Start: 2022-10-24 20:05:01
Network operator: Bahnhof AB
Support ID: sth60b2745e5
Latency:       2.247 ms
Download:     96.125 Mbit/s
Upload:       96.021 Mbit/s
Measurement ID: 425770073
Start: 2022-10-24 20:10:01
Network operator: Bahnhof AB
Support ID: sth60b009c28
Latency:       2.225 ms
Download:     95.974 Mbit/s
Upload:       96.046 Mbit/s
Measurement ID: 425770568
Start: 2022-10-24 20:15:01
Network operator: Bahnhof AB
Support ID: sth60bb6ff54
Latency:       2.159 ms
Download:     96.150 Mbit/s
Upload:       96.078 Mbit/s
Measurement ID: 425771084
Start: 2022-10-24 20:20:01
Network operator: Bahnhof AB
Support ID: sth60b76fe0f
Latency:       2.262 ms
Download:     96.048 Mbit/s
Upload:       96.026 Mbit/s
Measurement ID: 425771588
Start: 2022-10-24 20:25:01
Network operator: Bahnhof AB
Support ID: sth60bd201e5
Latency:       2.158 ms
Download:     95.508 Mbit/s
Upload:       96.004 Mbit/s
Measurement ID: 425772088
Start: 2022-10-24 20:30:01
Network operator: Bahnhof AB
Support ID: sth60badc05e
Latency:       2.194 ms
Download:     96.066 Mbit/s
Upload:       96.085 Mbit/s
Measurement ID: 425772548
Start: 2022-10-24 20:35:01
Network operator: Bahnhof AB
Support ID: sth60b43abb7
Latency:       3.488 ms
Download:     95.938 Mbit/s
Upload:       95.989 Mbit/s
Measurement ID: 425773035
Start: 2022-10-24 20:40:01
Network operator: Bahnhof AB
Support ID: sth60b44c6f0
Latency:       2.869 ms
Download:     88.733 Mbit/s
Upload:       95.960 Mbit/s
Measurement ID: 425773577
Start: 2022-10-24 20:45:01
Network operator: Bahnhof AB
Support ID: sth60b18e733
Latency:       2.500 ms
Download:     96.074 Mbit/s
Upload:       96.122 Mbit/s
Measurement ID: 425774109
Start: 2022-10-24 20:50:01
Network operator: Bahnhof AB
Support ID: sth60bd75cd9
Latency:       2.837 ms
Download:     95.658 Mbit/s
Upload:       96.075 Mbit/s
Measurement ID: 425774626
Start: 2022-10-24 20:55:01
Network operator: Bahnhof AB
Support ID: sth60beef7a4
Latency:       2.270 ms
Download:     96.105 Mbit/s
Upload:       96.021 Mbit/s
Measurement ID: 425775077
Start: 2022-10-24 21:00:01
Network operator: Bahnhof AB
Support ID: sth60bde93c8
Latency:       2.214 ms
Download:     96.044 Mbit/s
Upload:       95.979 Mbit/s
Measurement ID: 425775492
Start: 2022-10-24 21:05:01
Network operator: Bahnhof AB
Support ID: sth60ba97617
Latency:       3.056 ms
Download:     95.799 Mbit/s
Upload:       95.982 Mbit/s
Measurement ID: 425776032
Start: 2022-10-24 21:10:01
Network operator: Bahnhof AB
Support ID: sth60b842225
Latency:       2.303 ms
Download:     95.488 Mbit/s
Upload:       96.012 Mbit/s
Measurement ID: 425776466
Start: 2022-10-24 21:15:01
Network operator: Bahnhof AB
Support ID: sth60b767aa6
Latency:       2.490 ms
Download:     96.064 Mbit/s
Upload:       95.951 Mbit/s
Measurement ID: 425776939
Start: 2022-10-24 21:20:01
Network operator: Bahnhof AB
Support ID: sth60bd1c24c
Latency:       2.391 ms
Download:     96.065 Mbit/s
Upload:       96.003 Mbit/s
Measurement ID: 425777357
Start: 2022-10-24 21:25:01
Network operator: Bahnhof AB
Support ID: sth60bf84436
Latency:       5.896 ms
Download:     91.456 Mbit/s
Upload:       95.969 Mbit/s
Measurement ID: 425777894
Start: 2022-10-24 21:30:01
Network operator: Bahnhof AB
Support ID: sth60b4cc90d
Latency:       2.256 ms
Download:     96.097 Mbit/s
Upload:       96.131 Mbit/s
Measurement ID: 425778311
Start: 2022-10-24 22:00:01
Network operator: Bahnhof AB
Support ID: sth60b557609
Latency:       2.236 ms
Download:     96.081 Mbit/s
Upload:       96.112 Mbit/s
Measurement ID: 425780873
Start: 2022-10-24 23:00:01
Network operator: Bahnhof AB
Support ID: sth60baf1dc7
Latency:       2.185 ms
Download:     95.781 Mbit/s
Upload:       96.139 Mbit/s
Measurement ID: 425784912
Start: 2022-10-25 00:00:01
Network operator: Bahnhof AB
Support ID: sth60b87ce5c
Latency:       2.200 ms
Download:     96.140 Mbit/s
Upload:       96.120 Mbit/s
Measurement ID: 425787240
Start: 2022-10-25 01:00:01
Network operator: Bahnhof AB
Support ID: sth60ba94f6e
Latency:       2.215 ms
Download:     96.144 Mbit/s
Upload:       96.132 Mbit/s
Measurement ID: 425788641
Start: 2022-10-25 02:00:01
Network operator: Bahnhof AB
Support ID: sth60bbafae5
Latency:       2.206 ms
Download:     96.033 Mbit/s
Upload:       96.129 Mbit/s
Measurement ID: 425789627
Start: 2022-10-25 03:00:01
Network operator: Bahnhof AB
Support ID: sth60bc736a1
Latency:       2.186 ms
Download:     96.150 Mbit/s
Upload:       96.076 Mbit/s
Measurement ID: 425790350
Start: 2022-10-25 04:00:01
Network operator: Bahnhof AB
Support ID: sth60be4c374
Latency:       2.191 ms
Download:     96.141 Mbit/s
Upload:       96.151 Mbit/s
Measurement ID: 425791014
Start: 2022-10-25 05:00:01
Network operator: Bahnhof AB
Support ID: sth60bfb5b0f
Latency:       2.216 ms
Download:     96.145 Mbit/s
Upload:       96.106 Mbit/s
Measurement ID: 425791733
Start: 2022-10-25 06:00:01
Network operator: Bahnhof AB
Support ID: sth60bca082e
Latency:       2.233 ms
Download:     96.055 Mbit/s
Upload:       96.081 Mbit/s
Measurement ID: 425792735
Start: 2022-10-25 07:00:01
Network operator: Bahnhof AB
Support ID: sth60b5a70bb
Latency:       2.214 ms
Download:     96.153 Mbit/s
Upload:       96.121 Mbit/s
Measurement ID: 425794219
Start: 2022-10-25 08:00:02
Network operator: Bahnhof AB
Support ID: sth60b0e3ed1
Latency:       2.184 ms
Download:     96.155 Mbit/s
Upload:       96.148 Mbit/s
Measurement ID: 425796473
Start: 2022-10-25 09:00:02
Network operator: Bahnhof AB
Support ID: sth60b333929
Latency:       2.782 ms
Download:     96.146 Mbit/s
Upload:       96.138 Mbit/s
Measurement ID: 425800349
Start: 2022-10-25 10:00:01
Network operator: Bahnhof AB
Support ID: sth60b276e73
Latency:       3.724 ms
Download:     95.658 Mbit/s
Upload:       96.131 Mbit/s
Measurement ID: 425805388
Start: 2022-10-25 11:00:01
Network operator: Bahnhof AB
Support ID: sth60b026895
Latency:       5.938 ms
Download:     95.714 Mbit/s
Upload:       96.062 Mbit/s
Measurement ID: 425810354
Start: 2022-10-25 12:00:01
Network operator: Bahnhof AB
Support ID: sth60b518911
Latency:       2.184 ms
Download:     95.998 Mbit/s
Upload:       96.136 Mbit/s
Measurement ID: 425814714
Start: 2022-10-25 13:00:01
Network operator: Bahnhof AB
Support ID: sth60b4be15b
Latency:       2.266 ms
Download:     96.137 Mbit/s
Upload:       96.149 Mbit/s
Measurement ID: 425818622
Start: 2022-10-25 14:00:01
Network operator: Bahnhof AB
Support ID: sth60bba46d3
Latency:       2.139 ms
Download:     96.122 Mbit/s
Upload:       96.119 Mbit/s
Measurement ID: 425823096
Start: 2022-10-25 15:00:01
Network operator: Bahnhof AB
Support ID: sth60b24e23e
Latency:       2.134 ms
Download:     96.155 Mbit/s
Upload:       96.116 Mbit/s
Measurement ID: 425827586
Start: 2022-10-25 16:00:01
Network operator: Bahnhof AB
Support ID: sth60b8d87fb
Latency:       2.185 ms
Download:     96.107 Mbit/s
Upload:       96.118 Mbit/s
Measurement ID: 425832350
Start: 2022-10-25 17:00:01
Network operator: Bahnhof AB
Support ID: sth60bfe6546
Latency:       2.138 ms
Download:     96.096 Mbit/s
Upload:       96.114 Mbit/s
Measurement ID: 425837476
Start: 2022-10-25 18:00:01
Network operator: Bahnhof AB
Support ID: sth60be21bb9
Latency:       2.189 ms
Download:     96.147 Mbit/s
Upload:       96.101 Mbit/s
Measurement ID: 425842632
Start: 2022-10-25 19:00:01
Network operator: Bahnhof AB
Support ID: sth60b191249
Latency:       3.269 ms
Download:     95.832 Mbit/s
Upload:       96.078 Mbit/s
Measurement ID: 425848385
Start: 2022-10-25 19:30:01
Network operator: Bahnhof AB
Support ID: sth60bd3d0e0
Latency:       2.864 ms
Download:     84.614 Mbit/s
Upload:       96.031 Mbit/s
Measurement ID: 425851804
Start: 2022-10-25 19:35:01
Network operator: Bahnhof AB
Support ID: sth60b0384ec
Latency:       2.509 ms
Download:     95.973 Mbit/s
Upload:       91.668 Mbit/s
Measurement ID: 425852393
Start: 2022-10-25 19:40:01
Network operator: Bahnhof AB
Support ID: sth60b89c09a
Latency:       2.214 ms
Download:     96.135 Mbit/s
Upload:       96.052 Mbit/s
Measurement ID: 425853001
Start: 2022-10-25 19:45:01
Network operator: Bahnhof AB
Support ID: sth60bf380a6
Latency:       2.371 ms
Download:     85.817 Mbit/s
Upload:       96.119 Mbit/s
Measurement ID: 425853612
Start: 2022-10-25 19:50:01
Network operator: Bahnhof AB
Support ID: sth60b514139
Latency:       4.631 ms
Download:     96.094 Mbit/s
Upload:       91.227 Mbit/s
Measurement ID: 425854071
Start: 2022-10-25 19:55:01
Network operator: Bahnhof AB
Support ID: sth60b56bfd6
Latency:       2.250 ms
Download:     96.096 Mbit/s
Upload:       96.137 Mbit/s
Measurement ID: 425854582
Start: 2022-10-25 20:00:01
Network operator: Bahnhof AB
Support ID: sth60b09e927
Latency:       2.150 ms
Download:     96.140 Mbit/s
Upload:       94.521 Mbit/s
Measurement ID: 425855136
Start: 2022-10-25 20:05:01
Network operator: Bahnhof AB
Support ID: sth60b73dc75
Latency:       2.258 ms
Download:     96.110 Mbit/s
Upload:       96.114 Mbit/s
Measurement ID: 425855718
Start: 2022-10-25 20:10:01
Network operator: Bahnhof AB
Support ID: sth60b693d6b
Latency:       2.276 ms
Download:     96.134 Mbit/s
Upload:       96.108 Mbit/s
Measurement ID: 425856233
Start: 2022-10-25 20:15:01
Network operator: Bahnhof AB
Support ID: sth60b4451c5
Latency:       2.267 ms
Download:     95.977 Mbit/s
Upload:       96.142 Mbit/s
Measurement ID: 425856822
Start: 2022-10-25 20:20:01
Network operator: Bahnhof AB
Support ID: sth60bd49356
Latency:       2.254 ms
Download:     96.003 Mbit/s
Upload:       96.112 Mbit/s
Measurement ID: 425857371
Start: 2022-10-25 20:25:01
Network operator: Bahnhof AB
Support ID: sth60b09f3b9
Latency:       2.215 ms
Download:     96.107 Mbit/s
Upload:       96.088 Mbit/s
Measurement ID: 425857876
Start: 2022-10-25 20:30:01
Network operator: Bahnhof AB
Support ID: sth60bfe40be
Latency:       5.757 ms
Download:     95.587 Mbit/s
Upload:       96.062 Mbit/s
Measurement ID: 425858467
Start: 2022-10-25 20:35:01
Network operator: Bahnhof AB
Support ID: sth60b6cfbc0
Latency:       2.607 ms
Download:     95.803 Mbit/s
Upload:       96.115 Mbit/s
Measurement ID: 425859026
Start: 2022-10-25 20:40:01
Network operator: Bahnhof AB
Support ID: sth60ba58f5e
Latency:       6.337 ms
Download:     93.966 Mbit/s
Upload:       96.056 Mbit/s
Measurement ID: 425859583
Start: 2022-10-25 20:45:01
Network operator: Bahnhof AB
Support ID: sth60b0d1851
Latency:       2.375 ms
Download:     96.096 Mbit/s
Upload:       96.087 Mbit/s
Measurement ID: 425860122
Start: 2022-10-25 20:50:01
Network operator: Bahnhof AB
Support ID: sth60b021407
Latency:       5.921 ms
Download:     93.690 Mbit/s
Upload:       95.945 Mbit/s
Measurement ID: 425860658
Start: 2022-10-25 20:55:01
Network operator: Bahnhof AB
Support ID: sth60bcca4fc
Latency:       2.264 ms
Download:     95.420 Mbit/s
Upload:       95.976 Mbit/s
Measurement ID: 425861171
Start: 2022-10-25 21:00:01
Network operator: Bahnhof AB
Support ID: sth60b5d7fa2
Latency:       4.437 ms
Download:     95.875 Mbit/s
Upload:       96.028 Mbit/s
Measurement ID: 425861672
Start: 2022-10-25 21:05:01
Network operator: Bahnhof AB
Support ID: sth60b9eba07
Latency:       4.682 ms
Download:     95.823 Mbit/s
Upload:       96.004 Mbit/s
Measurement ID: 425862280
Start: 2022-10-25 21:10:01
Network operator: Bahnhof AB
Support ID: sth60bcda0c4
Latency:       2.576 ms
Download:     95.676 Mbit/s
Upload:       96.113 Mbit/s
Measurement ID: 425862785
Start: 2022-10-25 21:15:01
Network operator: Bahnhof AB
Support ID: sth60b564b56
Latency:       6.551 ms
Download:     86.676 Mbit/s
Upload:       96.025 Mbit/s
Measurement ID: 425863402
Start: 2022-10-25 21:20:01
Network operator: Bahnhof AB
Support ID: sth60bbd59da
Latency:       5.069 ms
Download:     93.940 Mbit/s
Upload:       96.117 Mbit/s
Measurement ID: 425863895
Start: 2022-10-25 21:25:01
Network operator: Bahnhof AB
Support ID: sth60b66b728
Latency:       5.660 ms
Download:     80.734 Mbit/s
Upload:       96.034 Mbit/s
Measurement ID: 425864395
Start: 2022-10-25 21:30:01
Network operator: Bahnhof AB
Support ID: sth60bcadbcd
Latency:       3.897 ms
Download:     95.029 Mbit/s
Upload:       95.971 Mbit/s
Measurement ID: 425864849
Start: 2022-10-25 22:00:01
Network operator: Bahnhof AB
Support ID: sth60b6d1753
Latency:       2.532 ms
Download:     96.118 Mbit/s
Upload:       96.126 Mbit/s
Measurement ID: 425867610
Start: 2022-10-25 23:00:01
Network operator: Bahnhof AB
Support ID: sth60b148360
Latency:       2.166 ms
Download:     96.138 Mbit/s
Upload:       96.060 Mbit/s
Measurement ID: 425871529
Start: 2022-10-26 00:00:01
Network operator: Bahnhof AB
Support ID: sth60b6ccb73
Latency:       2.182 ms
Download:     96.085 Mbit/s
Upload:       96.112 Mbit/s
Measurement ID: 425873625
Start: 2022-10-26 01:00:01
Network operator: Bahnhof AB
Support ID: sth60b85059e
Latency:       2.109 ms
Download:     96.076 Mbit/s
Upload:       96.039 Mbit/s
Measurement ID: 425874958
Start: 2022-10-26 02:00:02
Network operator: Bahnhof AB
Support ID: sth60b950a64
Latency:       2.115 ms
Download:     96.042 Mbit/s
Upload:       95.958 Mbit/s
Measurement ID: 425875878
Start: 2022-10-26 03:00:01
Network operator: Bahnhof AB
Support ID: sth60be066e8
Latency:       2.148 ms
Download:     96.146 Mbit/s
Upload:       96.152 Mbit/s
Measurement ID: 425876571
Start: 2022-10-26 04:00:01
Network operator: Bahnhof AB
Support ID: sth60b1d2f3b
Latency:       2.120 ms
Download:     96.056 Mbit/s
Upload:       96.118 Mbit/s
Measurement ID: 425877210
Start: 2022-10-26 05:00:01
Network operator: Bahnhof AB
Support ID: sth60bc18210
Latency:       2.118 ms
Download:     96.135 Mbit/s
Upload:       96.150 Mbit/s
Measurement ID: 425877888
Start: 2022-10-26 06:00:01
Network operator: Bahnhof AB
Support ID: sth60b1679c1
Latency:       2.127 ms
Download:     96.154 Mbit/s
Upload:       96.138 Mbit/s
Measurement ID: 425878833
Start: 2022-10-26 07:00:01
Network operator: Bahnhof AB
Support ID: sth60b7fa1f1
Latency:       2.068 ms
Download:     96.132 Mbit/s
Upload:       96.075 Mbit/s
Measurement ID: 425880347
Start: 2022-10-26 08:00:01
Network operator: Bahnhof AB
Support ID: sth60be51c9d
Latency:       2.152 ms
Download:     96.148 Mbit/s
Upload:       96.136 Mbit/s
Measurement ID: 425882633
Start: 2022-10-26 09:00:01
Network operator: Bahnhof AB
Support ID: sth60b629bea
Latency:       2.164 ms
Download:     96.013 Mbit/s
Upload:       96.097 Mbit/s
Measurement ID: 425885824
Start: 2022-10-26 10:00:01
Network operator: Bahnhof AB
Support ID: sth60b7024d2
Latency:       2.193 ms
Download:     96.082 Mbit/s
Upload:       96.132 Mbit/s
Measurement ID: 425889915
Start: 2022-10-26 11:00:01
Network operator: Bahnhof AB
Support ID: sth60be9c8fa
Latency:       2.187 ms
Download:     96.147 Mbit/s
Upload:       96.107 Mbit/s
Measurement ID: 425894310
Start: 2022-10-26 12:00:01
Network operator: Bahnhof AB
Support ID: sth60b9bef64
Latency:       2.153 ms
Download:     96.125 Mbit/s
Upload:       96.129 Mbit/s
Measurement ID: 425898642
Start: 2022-10-26 13:00:01
Network operator: Bahnhof AB
Support ID: sth60b77ef6b
Latency:       2.135 ms
Download:     96.139 Mbit/s
Upload:       96.120 Mbit/s
Measurement ID: 425902732
Start: 2022-10-26 14:00:01
Network operator: Bahnhof AB
Support ID: sth60b61d2f3
Latency:       2.192 ms
Download:     96.054 Mbit/s
Upload:       96.112 Mbit/s
Measurement ID: 425907022
Start: 2022-10-26 15:00:01
Network operator: Bahnhof AB
Support ID: sth60b9b7496
Latency:       2.130 ms
Download:     96.006 Mbit/s
Upload:       96.140 Mbit/s
Measurement ID: 425911535
Start: 2022-10-26 16:00:01
Network operator: Bahnhof AB
Support ID: sth60bbc2ec2
Latency:       2.149 ms
Download:     96.113 Mbit/s
Upload:       96.106 Mbit/s
Measurement ID: 425916273
Start: 2022-10-26 17:07:41
Network operator: Bahnhof AB
Support ID: sth60b6b7f3b
Latency:       2.199 ms
Download:    254.155 Mbit/s
Upload:      254.782 Mbit/s
Measurement ID: 425922545
Start: 2022-10-26 17:23:29
Network operator: Bahnhof AB
Support ID: sth60b9bc6d5
Latency:       2.164 ms
Download:    254.503 Mbit/s
Upload:      254.638 Mbit/s
Measurement ID: 425923987
Start: 2022-10-26 18:00:01
Network operator: Bahnhof AB
Support ID: sth60b8f9d24
Latency:       2.133 ms
Download:    252.670 Mbit/s
Upload:      254.699 Mbit/s
Measurement ID: 425927454
Start: 2022-10-26 19:00:01
Network operator: Bahnhof AB
Support ID: sth60b387c40
Latency:       2.515 ms
Download:    252.139 Mbit/s
Upload:      254.301 Mbit/s
Measurement ID: 425933139
Start: 2022-10-26 19:30:01
Network operator: Bahnhof AB
Support ID: sth60b0f0798
Latency:       2.142 ms
Download:    254.462 Mbit/s
Upload:      246.874 Mbit/s
Measurement ID: 425936331
Start: 2022-10-26 19:35:01
Network operator: Bahnhof AB
Support ID: sth60b86b541
Latency:       2.886 ms
Download:    243.587 Mbit/s
Upload:      254.762 Mbit/s
Measurement ID: 425936859
Start: 2022-10-26 19:40:01
Network operator: Bahnhof AB
Support ID: sth60b998155
Latency:       2.211 ms
Download:    247.912 Mbit/s
Upload:      254.767 Mbit/s
Measurement ID: 425937423
Start: 2022-10-26 19:45:01
Network operator: Bahnhof AB
Support ID: sth60b977745
Latency:       2.119 ms
Download:    254.474 Mbit/s
Upload:      254.219 Mbit/s
Measurement ID: 425937919
Start: 2022-10-26 19:50:01
Network operator: Bahnhof AB
Support ID: sth60ba58dd9
Latency:       2.748 ms
Download:    254.426 Mbit/s
Upload:      254.670 Mbit/s
Measurement ID: 425938500
Start: 2022-10-26 19:55:01
Network operator: Bahnhof AB
Support ID: sth60b6f1da8
Latency:       2.213 ms
Download:    254.421 Mbit/s
Upload:      246.638 Mbit/s
Measurement ID: 425938986
Start: 2022-10-26 20:00:01
Network operator: Bahnhof AB
Support ID: sth60b646e5f
Latency:       2.535 ms
Download:    254.085 Mbit/s
Upload:      254.775 Mbit/s
Measurement ID: 425939530
Start: 2022-10-26 20:05:01
Network operator: Bahnhof AB
Support ID: sth60b18021e
Latency:       2.374 ms
Download:    254.320 Mbit/s
Upload:      254.744 Mbit/s
Measurement ID: 425940149
Start: 2022-10-26 20:10:01
Network operator: Bahnhof AB
Support ID: sth60b874b5a
Latency:       2.790 ms
Download:    248.547 Mbit/s
Upload:      254.744 Mbit/s
Measurement ID: 425940673
Start: 2022-10-26 20:15:01
Network operator: Bahnhof AB
Support ID: sth60bec6bae
Latency:       6.175 ms
Download:    224.306 Mbit/s
Upload:      254.417 Mbit/s
Measurement ID: 425941208
Start: 2022-10-26 20:20:01
Network operator: Bahnhof AB
Support ID: sth60b3f2199
Latency:       5.834 ms
Download:    240.178 Mbit/s
Upload:      254.259 Mbit/s
Measurement ID: 425941805
Start: 2022-10-26 20:25:01
Network operator: Bahnhof AB
Support ID: sth60b0f6298
Latency:       2.330 ms
Download:    204.047 Mbit/s
Upload:      145.819 Mbit/s
Measurement ID: 425942391
Start: 2022-10-26 20:26:20
Network operator: Bahnhof AB
Support ID: sth60bd1ea4d
Latency:       4.227 ms
Download:    245.791 Mbit/s
Upload:      254.549 Mbit/s
Measurement ID: 425942512
Start: 2022-10-26 20:26:52
Network operator: Bahnhof AB
Support ID: sth60bf456bd
Latency:       3.651 ms
Download:    244.513 Mbit/s
Upload:      254.368 Mbit/s
Measurement ID: 425942567
Start: 2022-10-26 20:30:01
Network operator: Bahnhof AB
Support ID: sth60be9dbb6
Latency:       2.933 ms
Download:    248.849 Mbit/s
Upload:      254.771 Mbit/s
Measurement ID: 425942942
Start: 2022-10-26 20:35:01
Network operator: Bahnhof AB
Support ID: sth60b7077ed
Latency:       4.976 ms
Download:    245.174 Mbit/s
Upload:      254.444 Mbit/s
Measurement ID: 425943587
Start: 2022-10-26 20:40:01
Network operator: Bahnhof AB
Support ID: sth60b70c0f9
Latency:       6.520 ms
Download:    180.950 Mbit/s
Upload:      254.350 Mbit/s
Measurement ID: 425944130
Start: 2022-10-26 20:45:01
Network operator: Bahnhof AB
Support ID: sth60b96974e
Latency:       5.896 ms
Download:    193.218 Mbit/s
Upload:      254.489 Mbit/s
Measurement ID: 425944677
Start: 2022-10-26 20:50:01
Network operator: Bahnhof AB
Support ID: sth60b7931f1
Latency:       5.634 ms
Download:    216.124 Mbit/s
Upload:      254.158 Mbit/s
Measurement ID: 425945299
Start: 2022-10-26 20:55:01
Network operator: Bahnhof AB
Support ID: sth60bc953a0
Latency:       3.746 ms
Download:    241.706 Mbit/s
Upload:      254.365 Mbit/s
Measurement ID: 425945850
Start: 2022-10-26 21:00:01
Network operator: Bahnhof AB
Support ID: sth60b2ff2d3
Latency:       5.703 ms
Download:    200.962 Mbit/s
Upload:      254.396 Mbit/s
Measurement ID: 425946437
Start: 2022-10-26 21:05:01
Network operator: Bahnhof AB
Support ID: sth60ba008ea
Latency:       5.052 ms
Download:    178.174 Mbit/s
Upload:      254.255 Mbit/s
Measurement ID: 425947082
Start: 2022-10-26 21:10:01
Network operator: Bahnhof AB
Support ID: sth60bd456cb
Latency:       5.718 ms
Download:    198.355 Mbit/s
Upload:      254.153 Mbit/s
Measurement ID: 425947631
Start: 2022-10-26 21:15:01
Network operator: Bahnhof AB
Support ID: sth60b9c011a
Latency:       6.526 ms
Download:    166.007 Mbit/s
Upload:      253.868 Mbit/s
Measurement ID: 425948199
Start: 2022-10-26 21:20:01
Network operator: Bahnhof AB
Support ID: sth60bbbdc55
Latency:       6.767 ms
Download:     60.149 Mbit/s
Upload:      254.325 Mbit/s
Measurement ID: 425948822
Start: 2022-10-26 21:25:01
Network operator: Bahnhof AB
Support ID: sth60b796a58
Latency:       5.948 ms
Download:    179.603 Mbit/s
Upload:      254.361 Mbit/s
Measurement ID: 425949364
Start: 2022-10-26 21:30:01
Network operator: Bahnhof AB
Support ID: sth60bfdf9e5
Latency:       6.626 ms
Download:    157.126 Mbit/s
Upload:      254.360 Mbit/s
Measurement ID: 425949891
Start: 2022-10-26 22:00:01
Network operator: Bahnhof AB
Support ID: sth60b9df829
Latency:       2.272 ms
Download:    251.595 Mbit/s
Upload:      254.774 Mbit/s
Measurement ID: 425952825
Start: 2022-10-26 23:00:01
Network operator: Bahnhof AB
Support ID: sth60b62f9cb
Latency:       2.180 ms
Download:    254.671 Mbit/s
Upload:      254.739 Mbit/s
Measurement ID: 425957253
Start: 2022-10-27 00:00:01
Network operator: Bahnhof AB
Support ID: sth60b6c2551
Latency:       2.248 ms
Download:    254.633 Mbit/s
Upload:      254.736 Mbit/s
Measurement ID: 425959843
Start: 2022-10-27 01:00:01
Network operator: Bahnhof AB
Support ID: sth60bf54fe8
Latency:       2.093 ms
Download:    254.631 Mbit/s
Upload:      254.761 Mbit/s
Measurement ID: 425961284
Start: 2022-10-27 02:00:01
Network operator: Bahnhof AB
Support ID: sth60ba693d1
Latency:       2.098 ms
Download:    254.641 Mbit/s
Upload:      254.743 Mbit/s
Measurement ID: 425962239
Start: 2022-10-27 03:00:01
Network operator: Bahnhof AB
Support ID: sth60b883068
Latency:       2.109 ms
Download:    254.623 Mbit/s
Upload:      254.809 Mbit/s
Measurement ID: 425963047
Start: 2022-10-27 04:00:01
Network operator: Bahnhof AB
Support ID: sth60bb7a045
Latency:       2.183 ms
Download:    254.635 Mbit/s
Upload:      254.766 Mbit/s
Measurement ID: 425963640
Start: 2022-10-27 05:00:01
Network operator: Bahnhof AB
Support ID: sth60ba63645
Latency:       2.091 ms
Download:    254.636 Mbit/s
Upload:      254.777 Mbit/s
Measurement ID: 425964333
Start: 2022-10-27 06:00:01
Network operator: Bahnhof AB
Support ID: sth60b3dc0f6
Latency:       2.070 ms
Download:    254.388 Mbit/s
Upload:      254.751 Mbit/s
Measurement ID: 425965324
Start: 2022-10-27 07:00:01
Network operator: Bahnhof AB
Support ID: sth60bebeadf
Latency:       2.178 ms
Download:    254.639 Mbit/s
Upload:      254.765 Mbit/s
Measurement ID: 425966942
Start: 2022-10-27 08:00:01
Network operator: Bahnhof AB
Support ID: sth60be22774
Latency:       2.151 ms
Download:    254.654 Mbit/s
Upload:      254.787 Mbit/s
Measurement ID: 425969166
Start: 2022-10-27 09:00:01
Network operator: Bahnhof AB
Support ID: sth60b342fde
Latency:       2.171 ms
Download:    254.611 Mbit/s
Upload:      254.797 Mbit/s
Measurement ID: 425972622
Start: 2022-10-27 10:00:01
Network operator: Bahnhof AB
Support ID: sth60be0e48a
Latency:       2.114 ms
Download:    254.664 Mbit/s
Upload:      254.789 Mbit/s
Measurement ID: 425976892
Start: 2022-10-27 11:00:01
Network operator: Bahnhof AB
Support ID: sth60b30947f
Latency:       2.100 ms
Download:    254.558 Mbit/s
Upload:      254.771 Mbit/s
Measurement ID: 425981265
Start: 2022-10-27 12:00:01
Network operator: Bahnhof AB
Support ID: sth60bafacae
Latency:       2.100 ms
Download:    254.655 Mbit/s
Upload:      254.771 Mbit/s
Measurement ID: 425985288
Start: 2022-10-27 13:00:01
Network operator: Bahnhof AB
Support ID: sth60bb0d3b9
Latency:       2.115 ms
Download:    254.645 Mbit/s
Upload:      254.778 Mbit/s
Measurement ID: 425989481
Start: 2022-10-27 14:00:01
Network operator: Bahnhof AB
Support ID: sth60b3859e1
Latency:       2.177 ms
Download:    254.343 Mbit/s
Upload:      254.798 Mbit/s
Measurement ID: 425993615
Start: 2022-10-27 15:00:02
Network operator: Bahnhof AB
Support ID: sth60b7d6a30
Latency:       2.122 ms
Download:    254.495 Mbit/s
Upload:      254.676 Mbit/s
Measurement ID: 425998243
Start: 2022-10-27 16:00:01
Network operator: Bahnhof AB
Support ID: sth60bc9cd8f
Latency:       2.176 ms
Download:    254.660 Mbit/s
Upload:      254.780 Mbit/s
Measurement ID: 426003310
Start: 2022-10-27 17:00:01
Network operator: Bahnhof AB
Support ID: sth60bb23b1c
Latency:       2.093 ms
Download:    253.572 Mbit/s
Upload:      254.734 Mbit/s
Measurement ID: 426009013
Start: 2022-10-27 18:00:01
Network operator: Bahnhof AB
Support ID: sth60b93d588
Latency:       2.090 ms
Download:    251.417 Mbit/s
Upload:      254.514 Mbit/s
Measurement ID: 426014670
Start: 2022-10-27 19:00:01
Network operator: Bahnhof AB
Support ID: sth60bfb9ab9
Latency:      11.815 ms
Download:    253.765 Mbit/s
Upload:      253.424 Mbit/s
Measurement ID: 426020755
Start: 2022-10-27 19:30:01
Network operator: Bahnhof AB
Support ID: sth60b084f65
Latency:       2.209 ms
Download:    254.612 Mbit/s
Upload:      254.746 Mbit/s
Measurement ID: 426024003
Start: 2022-10-27 19:35:01
Network operator: Bahnhof AB
Support ID: sth60b311598
Latency:       2.505 ms
Download:    254.093 Mbit/s
Upload:      254.791 Mbit/s
Measurement ID: 426024595
Start: 2022-10-27 19:40:01
Network operator: Bahnhof AB
Support ID: sth60becfcc9
Latency:       2.287 ms
Download:    250.463 Mbit/s
Upload:      254.686 Mbit/s
Measurement ID: 426025126
Start: 2022-10-27 19:45:01
Network operator: Bahnhof AB
Support ID: sth60ba6d124
Latency:       2.220 ms
Download:    251.388 Mbit/s
Upload:      254.639 Mbit/s
Measurement ID: 426025677
Start: 2022-10-27 19:50:01
Network operator: Bahnhof AB
Support ID: sth60b8ad427
Latency:       2.246 ms
Download:    252.940 Mbit/s
Upload:      254.718 Mbit/s
Measurement ID: 426026247
Start: 2022-10-27 19:55:01
Network operator: Bahnhof AB
Support ID: sth60beef679
Latency:       2.182 ms
Download:    254.493 Mbit/s
Upload:      254.771 Mbit/s
Measurement ID: 426026753
Start: 2022-10-27 20:00:01
Network operator: Bahnhof AB
Support ID: sth60b398936
Latency:       5.813 ms
Download:    250.676 Mbit/s
Upload:      254.756 Mbit/s
Measurement ID: 426027255
Start: 2022-10-27 20:05:01
Network operator: Bahnhof AB
Support ID: sth60b652ba7
Latency:       2.186 ms
Download:    253.705 Mbit/s
Upload:      254.773 Mbit/s
Measurement ID: 426027796
Start: 2022-10-27 20:10:01
Network operator: Bahnhof AB
Support ID: sth60b66e2a1
Latency:       2.205 ms
Download:    254.237 Mbit/s
Upload:      254.703 Mbit/s
Measurement ID: 426028305
Start: 2022-10-27 20:15:01
Network operator: Bahnhof AB
Support ID: sth60b61cb2d
Latency:       2.188 ms
Download:    252.516 Mbit/s
Upload:      254.781 Mbit/s
Measurement ID: 426028832
Start: 2022-10-27 20:20:01
Network operator: Bahnhof AB
Support ID: sth60bfb5e3e
Latency:       2.253 ms
Download:    253.448 Mbit/s
Upload:      254.775 Mbit/s
Measurement ID: 426029340
Start: 2022-10-27 20:25:01
Network operator: Bahnhof AB
Support ID: sth60b0da1ad
Latency:       2.203 ms
Download:    254.600 Mbit/s
Upload:      254.745 Mbit/s
Measurement ID: 426029875
Start: 2022-10-27 20:30:01
Network operator: Bahnhof AB
Support ID: sth60b1ff7d6
Latency:       2.112 ms
Download:    254.101 Mbit/s
Upload:      254.732 Mbit/s
Measurement ID: 426030411
Start: 2022-10-27 20:35:01
Network operator: Bahnhof AB
Support ID: sth60b0a3e95
Latency:       2.283 ms
Download:    254.524 Mbit/s
Upload:      254.793 Mbit/s
Measurement ID: 426031009
Start: 2022-10-27 20:40:01
Network operator: Bahnhof AB
Support ID: sth60b60b38c
Latency:       2.275 ms
Download:    254.055 Mbit/s
Upload:      254.764 Mbit/s
Measurement ID: 426031616
Start: 2022-10-27 20:45:01
Network operator: Bahnhof AB
Support ID: sth60bb423ef
Latency:       2.326 ms
Download:    251.666 Mbit/s
Upload:      254.766 Mbit/s
Measurement ID: 426032182
Start: 2022-10-27 20:50:01
Network operator: Bahnhof AB
Support ID: sth60b41c79f
Latency:       3.388 ms
Download:    247.550 Mbit/s
Upload:      254.606 Mbit/s
Measurement ID: 426032811
Start: 2022-10-27 20:55:01
Network operator: Bahnhof AB
Support ID: sth60b09f038
Latency:       5.375 ms
Download:    216.580 Mbit/s
Upload:      252.612 Mbit/s
Measurement ID: 426033331
Start: 2022-10-27 21:00:01
Network operator: Bahnhof AB
Support ID: sth60baa06c6
Latency:       4.754 ms
Download:    248.169 Mbit/s
Upload:      253.144 Mbit/s
Measurement ID: 426033809
Start: 2022-10-27 21:05:01
Network operator: Bahnhof AB
Support ID: sth60b170d3f
Latency:       3.343 ms
Download:    232.692 Mbit/s
Upload:      252.594 Mbit/s
Measurement ID: 426034367
Start: 2022-10-27 21:10:01
Network operator: Bahnhof AB
Support ID: sth60b8b871a
Latency:       2.246 ms
Download:    251.658 Mbit/s
Upload:      254.632 Mbit/s
Measurement ID: 426034810
Start: 2022-10-27 21:15:01
Network operator: Bahnhof AB
Support ID: sth60bc99c64
Latency:       3.225 ms
Download:    249.162 Mbit/s
Upload:      254.651 Mbit/s
Measurement ID: 426035294
Start: 2022-10-27 21:20:01
Network operator: Bahnhof AB
Support ID: sth60bd40f4d
Latency:       6.275 ms
Download:    245.208 Mbit/s
Upload:      252.306 Mbit/s
Measurement ID: 426035897
Start: 2022-10-27 21:25:01
Network operator: Bahnhof AB
Support ID: sth60b8c472a
Latency:       5.295 ms
Download:    240.348 Mbit/s
Upload:      253.631 Mbit/s
Measurement ID: 426036425
Start: 2022-10-27 21:30:01
Network operator: Bahnhof AB
Support ID: sth60b8aabdf
Latency:       3.170 ms
Download:    237.244 Mbit/s
Upload:      252.503 Mbit/s
Measurement ID: 426036874
Start: 2022-10-27 22:00:01
Network operator: Bahnhof AB
Support ID: sth60bac946e
Latency:       5.213 ms
Download:    246.020 Mbit/s
Upload:      254.194 Mbit/s
Measurement ID: 426039711
Start: 2022-10-27 23:00:01
Network operator: Bahnhof AB
Support ID: sth60b3b13be
Latency:       2.134 ms
Download:    254.653 Mbit/s
Upload:      254.670 Mbit/s
Measurement ID: 426044103
Start: 2022-10-28 00:00:01
Network operator: Bahnhof AB
Support ID: sth60bf1f85f
Latency:       2.140 ms
Download:    254.303 Mbit/s
Upload:      254.661 Mbit/s
Measurement ID: 426046601
Start: 2022-10-28 01:00:01
Network operator: Bahnhof AB
Support ID: sth60b520099
Latency:       2.102 ms
Download:    254.630 Mbit/s
Upload:      254.673 Mbit/s
Measurement ID: 426048048
Start: 2022-10-28 02:00:01
Network operator: Bahnhof AB
Support ID: sth60b560c6c
Latency:       2.186 ms
Download:    254.671 Mbit/s
Upload:      254.674 Mbit/s
Measurement ID: 426048970
Start: 2022-10-28 03:00:01
Network operator: Bahnhof AB
Support ID: sth60bd545cd
Latency:       2.185 ms
Download:    254.593 Mbit/s
Upload:      254.686 Mbit/s
Measurement ID: 426049756
Start: 2022-10-28 04:00:01
Network operator: Bahnhof AB
Support ID: sth60b463a2e
Latency:       2.087 ms
Download:    254.515 Mbit/s
Upload:      254.436 Mbit/s
Measurement ID: 426050437
Start: 2022-10-28 05:00:01
Network operator: Bahnhof AB
Support ID: sth60b1eb488
Latency:       2.116 ms
Download:    254.667 Mbit/s
Upload:      254.640 Mbit/s
Measurement ID: 426051136
Start: 2022-10-28 06:00:01
Network operator: Bahnhof AB
Support ID: sth60b53104f
Latency:       2.079 ms
Download:    254.665 Mbit/s
Upload:      254.685 Mbit/s
Measurement ID: 426052113
Start: 2022-10-28 07:00:01
Network operator: Bahnhof AB
Support ID: sth60b079ead
Latency:       2.138 ms
Download:    254.653 Mbit/s
Upload:      254.644 Mbit/s
Measurement ID: 426053909
Start: 2022-10-28 08:00:01
Network operator: Bahnhof AB
Support ID: sth60b3348a4
Latency:       2.172 ms
Download:    254.624 Mbit/s
Upload:      254.647 Mbit/s
Measurement ID: 426056291
Start: 2022-10-28 09:00:01
Network operator: Bahnhof AB
Support ID: sth60b98bb63
Latency:       2.123 ms
Download:    254.507 Mbit/s
Upload:      254.644 Mbit/s
Measurement ID: 426060009
Start: 2022-10-28 10:00:01
Network operator: Bahnhof AB
Support ID: sth60b7b7e84
Latency:       2.135 ms
Download:    253.751 Mbit/s
Upload:      253.050 Mbit/s
Measurement ID: 426064434
Start: 2022-10-28 11:00:01
Network operator: Bahnhof AB
Support ID: sth60b41c304
Latency:       2.110 ms
Download:    254.669 Mbit/s
Upload:      254.668 Mbit/s
Measurement ID: 426068981
Start: 2022-10-28 12:00:01
Network operator: Bahnhof AB
Support ID: sth60beee86c
Latency:       2.108 ms
Download:    254.658 Mbit/s
Upload:      254.686 Mbit/s
Measurement ID: 426073628
Start: 2022-10-28 13:00:01
Network operator: Bahnhof AB
Support ID: sth60bf45c30
Latency:       2.139 ms
Download:    254.637 Mbit/s
Upload:      254.681 Mbit/s
Measurement ID: 426077967
Start: 2022-10-28 14:00:01
Network operator: Bahnhof AB
Support ID: sth60bb4020f
Latency:       2.149 ms
Download:    254.640 Mbit/s
Upload:      254.648 Mbit/s
Measurement ID: 426082555
Start: 2022-10-28 15:00:01
Network operator: Bahnhof AB
Support ID: sth60ba89a17
Latency:       2.100 ms
Download:    251.448 Mbit/s
Upload:      254.593 Mbit/s
Measurement ID: 426087532
Start: 2022-10-28 16:00:01
Network operator: Bahnhof AB
Support ID: sth60be7150f
Latency:       2.161 ms
Download:    254.548 Mbit/s
Upload:      254.651 Mbit/s
Measurement ID: 426092600
Start: 2022-10-28 17:00:01
Network operator: Bahnhof AB
Support ID: sth60b9b90f5
Latency:       2.097 ms
Download:    242.284 Mbit/s
Upload:      254.210 Mbit/s
Measurement ID: 426098036
Start: 2022-10-28 18:00:01
Network operator: Bahnhof AB
Support ID: sth60bd04f05
Latency:       2.136 ms
Download:    253.997 Mbit/s
Upload:      254.565 Mbit/s
Measurement ID: 426103581
Start: 2022-10-28 19:00:01
Network operator: Bahnhof AB
Support ID: sth60bdfcf7c
Latency:       2.147 ms
Download:    254.355 Mbit/s
Upload:      253.932 Mbit/s
Measurement ID: 426108986
Start: 2022-10-28 19:30:01
Network operator: Bahnhof AB
Support ID: sth60bacb7f0
Latency:       2.149 ms
Download:    254.584 Mbit/s
Upload:      238.682 Mbit/s
Measurement ID: 426111631
Start: 2022-10-28 19:35:01
Network operator: Bahnhof AB
Support ID: sth60b8c33df
Latency:       2.228 ms
Download:    254.449 Mbit/s
Upload:      232.116 Mbit/s
Measurement ID: 426112074
Start: 2022-10-28 19:40:01
Network operator: Bahnhof AB
Support ID: sth60b903bc5
Latency:       2.309 ms
Download:    254.247 Mbit/s
Upload:      254.148 Mbit/s
Measurement ID: 426112445
Start: 2022-10-28 19:45:01
Network operator: Bahnhof AB
Support ID: sth60b6c91ff
Latency:       2.306 ms
Download:    253.931 Mbit/s
Upload:      254.651 Mbit/s
Measurement ID: 426112901
Start: 2022-10-28 19:50:01
Network operator: Bahnhof AB
Support ID: sth60b4f09e4
Latency:       2.310 ms
Download:    252.788 Mbit/s
Upload:      254.217 Mbit/s
Measurement ID: 426113363
Start: 2022-10-28 19:55:01
Network operator: Bahnhof AB
Support ID: sth60bc949b2
Latency:       2.336 ms
Download:    252.851 Mbit/s
Upload:      253.990 Mbit/s
Measurement ID: 426113769
Start: 2022-10-28 20:00:01
Network operator: Bahnhof AB
Support ID: sth60b16763a
Latency:       3.376 ms
Download:    243.584 Mbit/s
Upload:      252.769 Mbit/s
Measurement ID: 426114156
Start: 2022-10-28 20:05:01
Network operator: Bahnhof AB
Support ID: sth60b762f1c
Latency:       6.201 ms
Download:    248.351 Mbit/s
Upload:      251.949 Mbit/s
Measurement ID: 426114634
Start: 2022-10-28 20:10:01
Network operator: Bahnhof AB
Support ID: sth60bc97f8e
Latency:       2.211 ms
Download:    252.381 Mbit/s
Upload:      254.060 Mbit/s
Measurement ID: 426115001
Start: 2022-10-28 20:15:01
Network operator: Bahnhof AB
Support ID: sth60b2b314f
Latency:       4.015 ms
Download:    249.523 Mbit/s
Upload:      252.948 Mbit/s
Measurement ID: 426115469
Start: 2022-10-28 20:20:01
Network operator: Bahnhof AB
Support ID: sth60b7b277e
Latency:       2.123 ms
Download:    253.639 Mbit/s
Upload:      254.586 Mbit/s
Measurement ID: 426115923
Start: 2022-10-28 20:25:01
Network operator: Bahnhof AB
Support ID: sth60b36e305
Latency:       2.246 ms
Download:    252.995 Mbit/s
Upload:      254.398 Mbit/s
Measurement ID: 426116412
Start: 2022-10-28 20:30:01
Network operator: Bahnhof AB
Support ID: sth60b89e05d
Latency:       4.695 ms
Download:    250.171 Mbit/s
Upload:      253.267 Mbit/s
Measurement ID: 426116788
Start: 2022-10-28 20:35:02
Network operator: Bahnhof AB
Support ID: sth60bdeea30
Latency:       4.818 ms
Download:    241.383 Mbit/s
Upload:      252.807 Mbit/s
Measurement ID: 426117243
Start: 2022-10-28 20:40:01
Network operator: Bahnhof AB
Support ID: sth60b05e0c7
Latency:       2.325 ms
Download:    246.784 Mbit/s
Upload:      254.234 Mbit/s
Measurement ID: 426117649
