Start: 2022-10-30 01:00:01
Network operator: Bahnhof AB
Support ID: sth60b73a84e
Latency:       2.072 ms
Download:    254.645 Mbit/s
Upload:      254.695 Mbit/s
Measurement ID: 426211015
Start: 2022-10-30 02:00:01
Network operator: Bahnhof AB
Support ID: sth60b0e3021
Latency:       2.137 ms
Download:    254.667 Mbit/s
Upload:      254.727 Mbit/s
Measurement ID: 426212186
Start: 2022-10-30 03:00:01
Network operator: Bahnhof AB
Support ID: sth60ba3c218
Latency:       2.111 ms
Download:    254.611 Mbit/s
Upload:      254.783 Mbit/s
Measurement ID: 426213722
Start: 2022-10-30 04:00:01
Network operator: Bahnhof AB
Support ID: sth60bde26b7
Latency:       2.161 ms
Download:    254.628 Mbit/s
Upload:      254.786 Mbit/s
Measurement ID: 426214444
Start: 2022-10-30 05:00:01
Network operator: Bahnhof AB
Support ID: sth60baac14c
Latency:       2.090 ms
Download:    254.652 Mbit/s
Upload:      254.801 Mbit/s
Measurement ID: 426215198
Start: 2022-10-30 06:00:01
Network operator: Bahnhof AB
Support ID: sth60bc0af52
Latency:       2.081 ms
Download:    254.667 Mbit/s
Upload:      254.784 Mbit/s
Measurement ID: 426216076
Start: 2022-10-30 07:00:01
Network operator: Bahnhof AB
Support ID: sth60b329492
Latency:       2.092 ms
Download:    254.665 Mbit/s
Upload:      254.763 Mbit/s
Measurement ID: 426217473
Start: 2022-10-30 08:00:01
Network operator: Bahnhof AB
Support ID: sth60b43f689
Latency:       2.148 ms
Download:    254.485 Mbit/s
Upload:      254.782 Mbit/s
Measurement ID: 426219947
Start: 2022-10-30 09:00:01
Network operator: Bahnhof AB
Support ID: sth60b5a2fd3
Latency:       2.161 ms
Download:    254.639 Mbit/s
Upload:      254.790 Mbit/s
Measurement ID: 426223596
Start: 2022-10-30 10:00:01
Network operator: Bahnhof AB
Support ID: sth60b6c1b44
Latency:       2.120 ms
Download:    254.639 Mbit/s
Upload:      254.755 Mbit/s
Measurement ID: 426227910
Start: 2022-10-30 11:00:01
Network operator: Bahnhof AB
Support ID: sth60b8d9eea
Latency:       2.160 ms
Download:    254.658 Mbit/s
Upload:      254.765 Mbit/s
Measurement ID: 426232648
Start: 2022-10-30 12:00:01
Network operator: Bahnhof AB
Support ID: sth60b1ea01f
Latency:       2.135 ms
Download:    254.625 Mbit/s
Upload:      254.776 Mbit/s
Measurement ID: 426237233
Start: 2022-10-30 13:00:01
Network operator: Bahnhof AB
Support ID: sth60b9fcafb
Latency:       2.155 ms
Download:    254.559 Mbit/s
Upload:      254.781 Mbit/s
Measurement ID: 426241531
Start: 2022-10-30 13:18:46
Network operator: Bahnhof AB
Support ID: sth60b21916e
Latency:       2.155 ms
Download:    254.658 Mbit/s
Upload:      254.602 Mbit/s
Measurement ID: 426242898
